<?xml version="1.0" encoding="UTF-8"?>
<coverage generated="1777058812">
  <project timestamp="1777058812" name="Clover Coverage">
    <package name="NiklasBr\QuickMagick\Enums">
      <file name="/home/runner/work/quick-magick/quick-magick/src/Enums/Category.php">
        <class name="NiklasBr\QuickMagick\Enums\Category" namespace="NiklasBr\QuickMagick\Enums">
          <metrics complexity="0" methods="0" coveredmethods="0" conditionals="0" coveredconditionals="0" statements="0" coveredstatements="0" elements="0" coveredelements="0"/>
        </class>
        <metrics loc="28" ncloc="23" classes="0" methods="0" coveredmethods="0" conditionals="0" coveredconditionals="0" statements="0" coveredstatements="0" elements="0" coveredelements="0"/>
      </file>
      <file name="/home/runner/work/quick-magick/quick-magick/src/Enums/Format.php">
        <class name="NiklasBr\QuickMagick\Enums\Format" namespace="NiklasBr\QuickMagick\Enums">
          <metrics complexity="2" methods="2" coveredmethods="2" conditionals="0" coveredconditionals="0" statements="2" coveredstatements="2" elements="4" coveredelements="4"/>
        </class>
        <line num="31" type="method" name="all" visibility="public" complexity="1" crap="1" count="1"/>
        <line num="33" type="stmt" count="1"/>
        <line num="36" type="method" name="isValid" visibility="public" complexity="1" crap="1" count="1"/>
        <line num="38" type="stmt" count="1"/>
        <metrics loc="41" ncloc="36" classes="1" methods="2" coveredmethods="2" conditionals="0" coveredconditionals="0" statements="2" coveredstatements="2" elements="4" coveredelements="4"/>
      </file>
      <file name="/home/runner/work/quick-magick/quick-magick/src/Enums/Type.php">
        <class name="NiklasBr\QuickMagick\Enums\Type" namespace="NiklasBr\QuickMagick\Enums">
          <metrics complexity="0" methods="0" coveredmethods="0" conditionals="0" coveredconditionals="0" statements="0" coveredstatements="0" elements="0" coveredelements="0"/>
        </class>
        <metrics loc="28" ncloc="23" classes="0" methods="0" coveredmethods="0" conditionals="0" coveredconditionals="0" statements="0" coveredstatements="0" elements="0" coveredelements="0"/>
      </file>
    </package>
    <package name="NiklasBr\QuickMagick\Formatters">
      <file name="/home/runner/work/quick-magick/quick-magick/src/Formatters/Gradients.php">
        <class name="NiklasBr\QuickMagick\Formatters\Gradients" namespace="NiklasBr\QuickMagick\Formatters">
          <metrics complexity="4" methods="2" coveredmethods="2" conditionals="0" coveredconditionals="0" statements="10" coveredstatements="10" elements="12" coveredelements="12"/>
        </class>
        <line num="23" type="method" name="format" visibility="public" complexity="1" crap="1" count="11"/>
        <line num="25" type="stmt" count="11"/>
        <line num="27" type="stmt" count="11"/>
        <line num="38" type="method" name="validateArgs" visibility="private" complexity="3" crap="3" count="11"/>
        <line num="40" type="stmt" count="11"/>
        <line num="42" type="stmt" count="2"/>
        <line num="45" type="stmt" count="9"/>
        <line num="47" type="stmt" count="2"/>
        <line num="49" type="stmt" count="2"/>
        <line num="52" type="stmt" count="7"/>
        <line num="54" type="stmt" count="7"/>
        <line num="55" type="stmt" count="7"/>
        <metrics loc="58" ncloc="39" classes="1" methods="2" coveredmethods="2" conditionals="0" coveredconditionals="0" statements="10" coveredstatements="10" elements="12" coveredelements="12"/>
      </file>
      <file name="/home/runner/work/quick-magick/quick-magick/src/Formatters/Patterns.php">
        <class name="NiklasBr\QuickMagick\Formatters\Patterns" namespace="NiklasBr\QuickMagick\Formatters">
          <metrics complexity="2" methods="1" coveredmethods="1" conditionals="0" coveredconditionals="0" statements="4" coveredstatements="4" elements="5" coveredelements="5"/>
        </class>
        <line num="76" type="method" name="format" visibility="public" complexity="2" crap="2" count="61"/>
        <line num="78" type="stmt" count="61"/>
        <line num="80" type="stmt" count="61"/>
        <line num="81" type="stmt" count="1"/>
        <line num="84" type="stmt" count="60"/>
        <metrics loc="87" ncloc="80" classes="1" methods="1" coveredmethods="1" conditionals="0" coveredconditionals="0" statements="4" coveredstatements="4" elements="5" coveredelements="5"/>
      </file>
      <file name="/home/runner/work/quick-magick/quick-magick/src/Formatters/Plasma.php">
        <class name="NiklasBr\QuickMagick\Formatters\Plasma" namespace="NiklasBr\QuickMagick\Formatters">
          <metrics complexity="6" methods="2" coveredmethods="2" conditionals="0" coveredconditionals="0" statements="15" coveredstatements="15" elements="17" coveredelements="17"/>
        </class>
        <line num="30" type="method" name="format" visibility="public" complexity="1" crap="1" count="17"/>
        <line num="33" type="stmt" count="17"/>
        <line num="35" type="stmt" count="11"/>
        <line num="41" type="method" name="validateArgs" visibility="private" complexity="5" crap="5" count="17"/>
        <line num="43" type="stmt" count="17"/>
        <line num="45" type="stmt" count="2"/>
        <line num="48" type="stmt" count="15"/>
        <line num="49" type="stmt" count="6"/>
        <line num="51" type="stmt" count="1"/>
        <line num="55" type="stmt" count="5"/>
        <line num="57" type="stmt" count="4"/>
        <line num="60" type="stmt" count="9"/>
        <line num="63" type="stmt" count="9"/>
        <line num="64" type="stmt" count="4"/>
        <line num="66" type="stmt" count="2"/>
        <line num="69" type="stmt" count="5"/>
        <line num="70" type="stmt" count="5"/>
        <metrics loc="73" ncloc="53" classes="1" methods="2" coveredmethods="2" conditionals="0" coveredconditionals="0" statements="15" coveredstatements="15" elements="17" coveredelements="17"/>
      </file>
      <file name="/home/runner/work/quick-magick/quick-magick/src/Formatters/SolidColor.php">
        <class name="NiklasBr\QuickMagick\Formatters\SolidColor" namespace="NiklasBr\QuickMagick\Formatters">
          <metrics complexity="1" methods="1" coveredmethods="1" conditionals="0" coveredconditionals="0" statements="3" coveredstatements="3" elements="4" coveredelements="4"/>
        </class>
        <line num="21" type="method" name="format" visibility="public" complexity="1" crap="1" count="33"/>
        <line num="23" type="stmt" count="33"/>
        <line num="24" type="stmt" count="33"/>
        <line num="26" type="stmt" count="32"/>
        <metrics loc="29" ncloc="22" classes="1" methods="1" coveredmethods="1" conditionals="0" coveredconditionals="0" statements="3" coveredstatements="3" elements="4" coveredelements="4"/>
      </file>
    </package>
    <file name="/home/runner/work/quick-magick/quick-magick/src/Formatters/PseudoImageInterface.php">
      <metrics loc="21" ncloc="14" classes="0" methods="0" coveredmethods="0" conditionals="0" coveredconditionals="0" statements="0" coveredstatements="0" elements="0" coveredelements="0"/>
    </file>
    <package name="NiklasBr\QuickMagick\Internal">
      <file name="/home/runner/work/quick-magick/quick-magick/src/Internal/ImageRenderer.php">
        <class name="NiklasBr\QuickMagick\Internal\ImageRenderer" namespace="NiklasBr\QuickMagick\Internal">
          <metrics complexity="25" methods="4" coveredmethods="4" conditionals="0" coveredconditionals="0" statements="40" coveredstatements="40" elements="44" coveredelements="44"/>
        </class>
        <line num="29" type="method" name="categoryToPseudoString" visibility="public" complexity="7" crap="7" count="126"/>
        <line num="32" type="stmt" count="126"/>
        <line num="33" type="stmt" count="65"/>
        <line num="34" type="stmt" count="32"/>
        <line num="35" type="stmt" count="21"/>
        <line num="36" type="stmt" count="4"/>
        <line num="37" type="stmt" count="118"/>
        <line num="41" type="method" name="resolveCategory" visibility="public" complexity="6" crap="6" count="127"/>
        <line num="43" type="stmt" count="127"/>
        <line num="44" type="stmt" count="120"/>
        <line num="47" type="stmt" count="8"/>
        <line num="48" type="stmt" count="5"/>
        <line num="51" type="stmt" count="3"/>
        <line num="52" type="stmt" count="3"/>
        <line num="53" type="stmt" count="1"/>
        <line num="56" type="stmt" count="2"/>
        <line num="57" type="stmt" count="2"/>
        <line num="58" type="stmt" count="1"/>
        <line num="62" type="stmt" count="1"/>
        <line num="70" type="method" name="img" visibility="public" complexity="5" crap="5" count="117"/>
        <line num="72" type="stmt" count="117"/>
        <line num="73" type="stmt" count="117"/>
        <line num="74" type="stmt" count="1"/>
        <line num="77" type="stmt" count="116"/>
        <line num="80" type="stmt" count="116"/>
        <line num="81" type="stmt" count="3"/>
        <line num="83" type="stmt" count="3"/>
        <line num="84" type="stmt" count="1"/>
        <line num="87" type="stmt" count="2"/>
        <line num="90" type="stmt" count="115"/>
        <line num="91" type="stmt" count="115"/>
        <line num="93" type="stmt" count="115"/>
        <line num="99" type="method" name="writeImageFile" visibility="public" complexity="7" crap="7" count="13"/>
        <line num="102" type="stmt" count="13"/>
        <line num="105" type="stmt" count="13"/>
        <line num="106" type="stmt" count="2"/>
        <line num="107" type="stmt" count="1"/>
        <line num="109" type="stmt" count="1"/>
        <line num="110" type="stmt" count="11"/>
        <line num="111" type="stmt" count="2"/>
        <line num="113" type="stmt" count="9"/>
        <line num="116" type="stmt" count="10"/>
        <line num="117" type="stmt" count="1"/>
        <line num="120" type="stmt" count="9"/>
        <metrics loc="123" ncloc="100" classes="1" methods="4" coveredmethods="4" conditionals="0" coveredconditionals="0" statements="40" coveredstatements="40" elements="44" coveredelements="44"/>
      </file>
    </package>
    <package name="NiklasBr\QuickMagick">
      <file name="/home/runner/work/quick-magick/quick-magick/src/QuickMagick.php">
        <class name="NiklasBr\QuickMagick\QuickMagick" namespace="NiklasBr\QuickMagick">
          <metrics complexity="9" methods="4" coveredmethods="4" conditionals="0" coveredconditionals="0" statements="50" coveredstatements="50" elements="54" coveredelements="54"/>
        </class>
        <line num="40" type="method" name="image" visibility="public" complexity="3" crap="3" count="2"/>
        <line num="51" type="stmt" count="2"/>
        <line num="52" type="stmt" count="2"/>
        <line num="53" type="stmt" count="2"/>
        <line num="54" type="stmt" count="2"/>
        <line num="55" type="stmt" count="2"/>
        <line num="57" type="stmt" count="2"/>
        <line num="58" type="stmt" count="2"/>
        <line num="59" type="stmt" count="2"/>
        <line num="60" type="stmt" count="2"/>
        <line num="61" type="stmt" count="2"/>
        <line num="62" type="stmt" count="2"/>
        <line num="63" type="stmt" count="2"/>
        <line num="64" type="stmt" count="2"/>
        <line num="65" type="stmt" count="2"/>
        <line num="67" type="stmt" count="2"/>
        <line num="85" type="method" name="imageData" visibility="public" complexity="2" crap="2" count="114"/>
        <line num="93" type="stmt" count="114"/>
        <line num="94" type="stmt" count="114"/>
        <line num="96" type="stmt" count="113"/>
        <line num="97" type="stmt" count="113"/>
        <line num="98" type="stmt" count="113"/>
        <line num="99" type="stmt" count="113"/>
        <line num="100" type="stmt" count="113"/>
        <line num="101" type="stmt" count="113"/>
        <line num="103" type="stmt" count="102"/>
        <line num="104" type="stmt" count="1"/>
        <line num="107" type="stmt" count="102"/>
        <line num="126" type="method" name="imageUrl" visibility="public" complexity="2" crap="2" count="4"/>
        <line num="135" type="stmt" count="4"/>
        <line num="136" type="stmt" count="4"/>
        <line num="137" type="stmt" count="4"/>
        <line num="138" type="stmt" count="4"/>
        <line num="139" type="stmt" count="4"/>
        <line num="140" type="stmt" count="4"/>
        <line num="141" type="stmt" count="4"/>
        <line num="142" type="stmt" count="4"/>
        <line num="144" type="stmt" count="4"/>
        <line num="145" type="stmt" count="4"/>
        <line num="147" type="stmt" count="4"/>
        <line num="148" type="stmt" count="2"/>
        <line num="151" type="stmt" count="2"/>
        <line num="170" type="method" name="createImageFile" visibility="public" complexity="2" crap="2" count="13"/>
        <line num="179" type="stmt" count="13"/>
        <line num="180" type="stmt" count="13"/>
        <line num="182" type="stmt" count="13"/>
        <line num="183" type="stmt" count="13"/>
        <line num="184" type="stmt" count="13"/>
        <line num="185" type="stmt" count="13"/>
        <line num="186" type="stmt" count="13"/>
        <line num="187" type="stmt" count="13"/>
        <line num="189" type="stmt" count="13"/>
        <line num="190" type="stmt" count="1"/>
        <line num="193" type="stmt" count="13"/>
        <metrics loc="196" ncloc="125" classes="1" methods="4" coveredmethods="4" conditionals="0" coveredconditionals="0" statements="50" coveredstatements="50" elements="54" coveredelements="54"/>
      </file>
    </package>
    <package name="NiklasBr\QuickMagick\Validators">
      <file name="/home/runner/work/quick-magick/quick-magick/src/Validators/ColorValidator.php">
        <class name="NiklasBr\QuickMagick\Validators\ColorValidator" namespace="NiklasBr\QuickMagick\Validators">
          <metrics complexity="3" methods="1" coveredmethods="1" conditionals="0" coveredconditionals="0" statements="4" coveredstatements="4" elements="5" coveredelements="5"/>
        </class>
        <line num="20" type="method" name="isValidColor" visibility="public" complexity="3" crap="3" count="66"/>
        <line num="22" type="stmt" count="66"/>
        <line num="23" type="stmt" count="2"/>
        <line num="24" type="stmt" count="2"/>
        <line num="27" type="stmt" count="64"/>
        <metrics loc="31" ncloc="24" classes="1" methods="1" coveredmethods="1" conditionals="0" coveredconditionals="0" statements="4" coveredstatements="4" elements="5" coveredelements="5"/>
      </file>
    </package>
    <metrics files="11" loc="715" ncloc="539" classes="8" methods="17" coveredmethods="17" conditionals="0" coveredconditionals="0" statements="128" coveredstatements="128" elements="145" coveredelements="145"/>
  </project>
</coverage>
